-------------------------------------------------------------------------------
Test set: com.mycompany.junit1.Junit1Test
-------------------------------------------------------------------------------
Tests run: 1, Failures: 1, Errors: 0, Skipped: 0, Time elapsed: 0.007 s <<< FAILURE! -- in com.mycompany.junit1.Junit1Test
com.mycompany.junit1.Junit1Test.testMain -- Time elapsed: 0.003 s <<< FAILURE!
org.opentest4j.AssertionFailedError: The test case is a prototype.
	at org.junit.jupiter.api.AssertionUtils.fail(AssertionUtils.java:38)
	at org.junit.jupiter.api.Assertions.fail(Assertions.java:138)
	at com.mycompany.junit1.Junit1Test.testMain(Junit1Test.java:35)
	at java.base/java.lang.reflect.Method.invoke(Method.java:564)
	at java.base/java.util.ArrayList.forEach(ArrayList.java:1511)
	at java.base/java.util.ArrayList.forEach(ArrayList.java:1511)

